c:\users\sayun\desktop\proyecto final\proyectofinalcgeihc-master\p9\x64\debug\vc141.pdb
c:\users\sayun\desktop\proyecto final\proyectofinalcgeihc-master\p9\x64\debug\vc141.idb
c:\users\sayun\desktop\proyecto final\proyectofinalcgeihc-master\p9\x64\debug\window.obj
c:\users\sayun\desktop\proyecto final\proyectofinalcgeihc-master\p9\x64\debug\texture.obj
c:\users\sayun\desktop\proyecto final\proyectofinalcgeihc-master\p9\x64\debug\spotlight.obj
c:\users\sayun\desktop\proyecto final\proyectofinalcgeihc-master\p9\x64\debug\source1.obj
c:\users\sayun\desktop\proyecto final\proyectofinalcgeihc-master\p9\x64\debug\skybox.obj
c:\users\sayun\desktop\proyecto final\proyectofinalcgeihc-master\p9\x64\debug\shader_light.obj
c:\users\sayun\desktop\proyecto final\proyectofinalcgeihc-master\p9\x64\debug\pointlight.obj
c:\users\sayun\desktop\proyecto final\proyectofinalcgeihc-master\p9\x64\debug\model.obj
c:\users\sayun\desktop\proyecto final\proyectofinalcgeihc-master\p9\x64\debug\mesh_tn.obj
c:\users\sayun\desktop\proyecto final\proyectofinalcgeihc-master\p9\x64\debug\material.obj
c:\users\sayun\desktop\proyecto final\proyectofinalcgeihc-master\p9\x64\debug\light.obj
c:\users\sayun\desktop\proyecto final\proyectofinalcgeihc-master\p9\x64\debug\directionallight.obj
c:\users\sayun\desktop\proyecto final\proyectofinalcgeihc-master\p9\x64\debug\camera.obj
c:\users\sayun\desktop\proyecto final\proyectofinalcgeihc-master\x64\debug\p9.pdb
c:\users\sayun\desktop\proyecto final\proyectofinalcgeihc-master\p9\x64\debug\p9.tlog\cl.command.1.tlog
c:\users\sayun\desktop\proyecto final\proyectofinalcgeihc-master\p9\x64\debug\p9.tlog\cl.read.1.tlog
c:\users\sayun\desktop\proyecto final\proyectofinalcgeihc-master\p9\x64\debug\p9.tlog\cl.write.1.tlog
c:\users\sayun\desktop\proyecto final\proyectofinalcgeihc-master\p9\x64\debug\p9.tlog\link-cvtres.read.1.tlog
c:\users\sayun\desktop\proyecto final\proyectofinalcgeihc-master\p9\x64\debug\p9.tlog\link-cvtres.write.1.tlog
c:\users\sayun\desktop\proyecto final\proyectofinalcgeihc-master\p9\x64\debug\p9.tlog\link-rc.read.1.tlog
c:\users\sayun\desktop\proyecto final\proyectofinalcgeihc-master\p9\x64\debug\p9.tlog\link-rc.write.1.tlog
c:\users\sayun\desktop\proyecto final\proyectofinalcgeihc-master\p9\x64\debug\p9.tlog\link.command.1.tlog
c:\users\sayun\desktop\proyecto final\proyectofinalcgeihc-master\p9\x64\debug\p9.tlog\link.read.1.tlog
c:\users\sayun\desktop\proyecto final\proyectofinalcgeihc-master\p9\x64\debug\p9.tlog\link.write.1.tlog
