DirectionalLight.obj : error LNK2001: símbolo externo __imp___glewUniform1f sin resolver
Material.obj : error LNK2001: símbolo externo __imp___glewUniform1f sin resolver
PointLight.obj : error LNK2001: símbolo externo __imp___glewUniform1f sin resolver
SpotLight.obj : error LNK2001: símbolo externo __imp___glewUniform1f sin resolver
DirectionalLight.obj : error LNK2001: símbolo externo __imp___glewUniform3f sin resolver
PointLight.obj : error LNK2001: símbolo externo __imp___glewUniform3f sin resolver
Source1.obj : error LNK2001: símbolo externo __imp___glewUniform3f sin resolver
SpotLight.obj : error LNK2001: símbolo externo __imp___glewUniform3f sin resolver
Mesh_tn.obj : error LNK2001: símbolo externo __imp___glewBindBuffer sin resolver
Mesh_tn.obj : error LNK2001: símbolo externo __imp___glewBufferData sin resolver
Mesh_tn.obj : error LNK2001: símbolo externo __imp___glewDeleteBuffers sin resolver
Mesh_tn.obj : error LNK2001: símbolo externo __imp___glewGenBuffers sin resolver
Mesh_tn.obj : error LNK2001: símbolo externo __imp___glewEnableVertexAttribArray sin resolver
Mesh_tn.obj : error LNK2001: símbolo externo __imp___glewVertexAttribPointer sin resolver
Mesh_tn.obj : error LNK2001: símbolo externo __imp___glewBindVertexArray sin resolver
Mesh_tn.obj : error LNK2001: símbolo externo __imp___glewDeleteVertexArrays sin resolver
Mesh_tn.obj : error LNK2001: símbolo externo __imp___glewGenVertexArrays sin resolver
Model.obj : error LNK2019: símbolo externo "public: __cdecl Assimp::Importer::Importer(void)" (??0Importer@Assimp@@QEAA@XZ) sin resolver al que se hace referencia en la función "public: void __cdecl Model::LoadModel(class std::basic_string<char,struct std::char_traits<char>,class std::allocator<char> > const &)" (?LoadModel@Model@@QEAAXAEBV?$basic_string@DU?$char_traits@D@std@@V?$allocator@D@2@@std@@@Z)
Model.obj : error LNK2019: símbolo externo "public: __cdecl Assimp::Importer::~Importer(void)" (??1Importer@Assimp@@QEAA@XZ) sin resolver al que se hace referencia en la función "public: void __cdecl Model::LoadModel(class std::basic_string<char,struct std::char_traits<char>,class std::allocator<char> > const &)" (?LoadModel@Model@@QEAAXAEBV?$basic_string@DU?$char_traits@D@std@@V?$allocator@D@2@@std@@@Z)
Model.obj : error LNK2019: símbolo externo "public: struct aiScene const * __cdecl Assimp::Importer::ReadFile(char const *,unsigned int)" (?ReadFile@Importer@Assimp@@QEAAPEBUaiScene@@PEBDI@Z) sin resolver al que se hace referencia en la función "public: struct aiScene const * __cdecl Assimp::Importer::ReadFile(class std::basic_string<char,struct std::char_traits<char>,class std::allocator<char> > const &,unsigned int)" (?ReadFile@Importer@Assimp@@QEAAPEBUaiScene@@AEBV?$basic_string@DU?$char_traits@D@std@@V?$allocator@D@2@@std@@I@Z)
Model.obj : error LNK2019: símbolo externo "public: char const * __cdecl Assimp::Importer::GetErrorString(void)const " (?GetErrorString@Importer@Assimp@@QEBAPEBDXZ) sin resolver al que se hace referencia en la función "public: void __cdecl Model::LoadModel(class std::basic_string<char,struct std::char_traits<char>,class std::allocator<char> > const &)" (?LoadModel@Model@@QEAAXAEBV?$basic_string@DU?$char_traits@D@std@@V?$allocator@D@2@@std@@@Z)
Model.obj : error LNK2019: símbolo externo aiGetMaterialTextureCount sin resolver al que se hace referencia en la función "public: unsigned int __cdecl aiMaterial::GetTextureCount(enum aiTextureType)const " (?GetTextureCount@aiMaterial@@QEBAIW4aiTextureType@@@Z)
Model.obj : error LNK2019: símbolo externo aiGetMaterialTexture sin resolver al que se hace referencia en la función "public: enum aiReturn __cdecl aiMaterial::GetTexture(enum aiTextureType,unsigned int,struct aiString *,enum aiTextureMapping *,unsigned int *,float *,enum aiTextureOp *,enum aiTextureMapMode *)const " (?GetTexture@aiMaterial@@QEBA?AW4aiReturn@@W4aiTextureType@@IPEAUaiString@@PEAW4aiTextureMapping@@PEAIPEAMPEAW4aiTextureOp@@PEAW4aiTextureMapMode@@@Z)
Shader_light.obj : error LNK2001: símbolo externo __imp___glewAttachShader sin resolver
Shader_light.obj : error LNK2001: símbolo externo __imp___glewCompileShader sin resolver
Shader_light.obj : error LNK2001: símbolo externo __imp___glewCreateProgram sin resolver
Shader_light.obj : error LNK2001: símbolo externo __imp___glewCreateShader sin resolver
Shader_light.obj : error LNK2001: símbolo externo __imp___glewDeleteProgram sin resolver
Shader_light.obj : error LNK2001: símbolo externo __imp___glewGetProgramInfoLog sin resolver
Shader_light.obj : error LNK2001: símbolo externo __imp___glewGetProgramiv sin resolver
Shader_light.obj : error LNK2001: símbolo externo __imp___glewGetShaderInfoLog sin resolver
Shader_light.obj : error LNK2001: símbolo externo __imp___glewGetShaderiv sin resolver
Shader_light.obj : error LNK2001: símbolo externo __imp___glewGetUniformLocation sin resolver
Shader_light.obj : error LNK2001: símbolo externo __imp___glewLinkProgram sin resolver
Shader_light.obj : error LNK2001: símbolo externo __imp___glewShaderSource sin resolver
Shader_light.obj : error LNK2001: símbolo externo __imp___glewUniform1i sin resolver
Shader_light.obj : error LNK2001: símbolo externo __imp___glewUseProgram sin resolver
Shader_light.obj : error LNK2001: símbolo externo __imp___glewValidateProgram sin resolver
Skybox.obj : error LNK2001: símbolo externo __imp___glewActiveTexture sin resolver
Texture.obj : error LNK2001: símbolo externo __imp___glewActiveTexture sin resolver
Skybox.obj : error LNK2001: símbolo externo __imp___glewUniformMatrix4fv sin resolver
Source1.obj : error LNK2001: símbolo externo __imp___glewUniformMatrix4fv sin resolver
Source1.obj : error LNK2019: símbolo externo glfwWindowShouldClose sin resolver al que se hace referencia en la función "public: bool __cdecl Window::getShouldClose(void)" (?getShouldClose@Window@@QEAA_NXZ)
Source1.obj : error LNK2019: símbolo externo glfwPollEvents sin resolver al que se hace referencia en la función main
Source1.obj : error LNK2019: símbolo externo glfwGetTime sin resolver al que se hace referencia en la función main
Source1.obj : error LNK2019: símbolo externo glfwSwapBuffers sin resolver al que se hace referencia en la función "public: void __cdecl Window::swapBuffers(void)" (?swapBuffers@Window@@QEAAXXZ)
Source1.obj : error LNK2019: símbolo externo "__declspec(dllimport) class irrklang::ISoundEngine * __cdecl irrklang::createIrrKlangDevice(enum irrklang::E_SOUND_OUTPUT_DRIVER,int,char const *,char const *)" (__imp_?createIrrKlangDevice@irrklang@@YAPEAVISoundEngine@1@W4E_SOUND_OUTPUT_DRIVER@1@HPEBD1@Z) sin resolver al que se hace referencia en la función main
Texture.obj : error LNK2001: símbolo externo __imp___glewGenerateMipmap sin resolver
Window.obj : error LNK2019: símbolo externo __imp_glewInit sin resolver al que se hace referencia en la función "public: int __cdecl Window::Initialise(void)" (?Initialise@Window@@QEAAHXZ)
Window.obj : error LNK2019: símbolo externo glfwInit sin resolver al que se hace referencia en la función "public: int __cdecl Window::Initialise(void)" (?Initialise@Window@@QEAAHXZ)
Window.obj : error LNK2019: símbolo externo glfwTerminate sin resolver al que se hace referencia en la función "public: __cdecl Window::~Window(void)" (??1Window@@QEAA@XZ)
Window.obj : error LNK2019: símbolo externo glfwCreateWindow sin resolver al que se hace referencia en la función "public: int __cdecl Window::Initialise(void)" (?Initialise@Window@@QEAAHXZ)
Window.obj : error LNK2019: símbolo externo glfwDestroyWindow sin resolver al que se hace referencia en la función "public: __cdecl Window::~Window(void)" (??1Window@@QEAA@XZ)
Window.obj : error LNK2019: símbolo externo glfwSetWindowShouldClose sin resolver al que se hace referencia en la función "private: static void __cdecl Window::ManejaTeclado(struct GLFWwindow *,int,int,int,int)" (?ManejaTeclado@Window@@CAXPEAUGLFWwindow@@HHHH@Z)
Window.obj : error LNK2019: símbolo externo glfwGetFramebufferSize sin resolver al que se hace referencia en la función "public: int __cdecl Window::Initialise(void)" (?Initialise@Window@@QEAAHXZ)
Window.obj : error LNK2019: símbolo externo glfwSetWindowUserPointer sin resolver al que se hace referencia en la función "public: int __cdecl Window::Initialise(void)" (?Initialise@Window@@QEAAHXZ)
Window.obj : error LNK2019: símbolo externo glfwGetWindowUserPointer sin resolver al que se hace referencia en la función "private: static void __cdecl Window::ManejaMouse(struct GLFWwindow *,double,double)" (?ManejaMouse@Window@@CAXPEAUGLFWwindow@@NN@Z)
Window.obj : error LNK2019: símbolo externo glfwGetKeyName sin resolver al que se hace referencia en la función "private: static void __cdecl Window::ManejaTeclado(struct GLFWwindow *,int,int,int,int)" (?ManejaTeclado@Window@@CAXPEAUGLFWwindow@@HHHH@Z)
Window.obj : error LNK2019: símbolo externo glfwSetKeyCallback sin resolver al que se hace referencia en la función "private: void __cdecl Window::createCallbacks(void)" (?createCallbacks@Window@@AEAAXXZ)
Window.obj : error LNK2019: símbolo externo glfwSetCursorPosCallback sin resolver al que se hace referencia en la función "private: void __cdecl Window::createCallbacks(void)" (?createCallbacks@Window@@AEAAXXZ)
Window.obj : error LNK2019: símbolo externo glfwMakeContextCurrent sin resolver al que se hace referencia en la función "public: int __cdecl Window::Initialise(void)" (?Initialise@Window@@QEAAHXZ)
Window.obj : error LNK2001: símbolo externo __imp_glewExperimental sin resolver
lib\irrKlang.lib : warning LNK4272: el tipo de máquina de biblioteca 'x86' está en conflicto con el tipo de máquina de destino 'x64'
lib\assimp-vc140-mt.lib : warning LNK4272: el tipo de máquina de biblioteca 'x86' está en conflicto con el tipo de máquina de destino 'x64'
lib\glew32.lib : warning LNK4272: el tipo de máquina de biblioteca 'x86' está en conflicto con el tipo de máquina de destino 'x64'
lib\glfw3.lib : warning LNK4272: el tipo de máquina de biblioteca 'x86' está en conflicto con el tipo de máquina de destino 'x64'
C:\Users\sayun\Desktop\PROYECTO FINAL\ProyectoFinalCGeIHC-master\x64\Debug\P9.exe : fatal error LNK1120: 54 externos sin resolver
