c:\users\sayun\desktop\proyecto final\proyectofinalcgeihc-master\p9\release\vc141.pdb
c:\users\sayun\desktop\proyecto final\proyectofinalcgeihc-master\p9\release\window.obj
c:\users\sayun\desktop\proyecto final\proyectofinalcgeihc-master\p9\release\texture.obj
c:\users\sayun\desktop\proyecto final\proyectofinalcgeihc-master\p9\release\spotlight.obj
c:\users\sayun\desktop\proyecto final\proyectofinalcgeihc-master\p9\release\skybox.obj
c:\users\sayun\desktop\proyecto final\proyectofinalcgeihc-master\p9\release\shader_light.obj
c:\users\sayun\desktop\proyecto final\proyectofinalcgeihc-master\p9\release\proyecto.obj
c:\users\sayun\desktop\proyecto final\proyectofinalcgeihc-master\p9\release\pointlight.obj
c:\users\sayun\desktop\proyecto final\proyectofinalcgeihc-master\p9\release\model.obj
c:\users\sayun\desktop\proyecto final\proyectofinalcgeihc-master\p9\release\mesh_tn.obj
c:\users\sayun\desktop\proyecto final\proyectofinalcgeihc-master\p9\release\material.obj
c:\users\sayun\desktop\proyecto final\proyectofinalcgeihc-master\p9\release\light.obj
c:\users\sayun\desktop\proyecto final\proyectofinalcgeihc-master\p9\release\directionallight.obj
c:\users\sayun\desktop\proyecto final\proyectofinalcgeihc-master\p9\release\camera.obj
c:\users\sayun\desktop\proyecto final\proyectofinalcgeihc-master\release\p9.exe
c:\users\sayun\desktop\proyecto final\proyectofinalcgeihc-master\release\p9.pdb
c:\users\sayun\desktop\proyecto final\proyectofinalcgeihc-master\release\p9.ipdb
c:\users\sayun\desktop\proyecto final\proyectofinalcgeihc-master\release\p9.iobj
c:\users\sayun\desktop\proyecto final\proyectofinalcgeihc-master\p9\release\p9.tlog\cl.command.1.tlog
c:\users\sayun\desktop\proyecto final\proyectofinalcgeihc-master\p9\release\p9.tlog\cl.read.1.tlog
c:\users\sayun\desktop\proyecto final\proyectofinalcgeihc-master\p9\release\p9.tlog\cl.write.1.tlog
c:\users\sayun\desktop\proyecto final\proyectofinalcgeihc-master\p9\release\p9.tlog\link.command.1.tlog
c:\users\sayun\desktop\proyecto final\proyectofinalcgeihc-master\p9\release\p9.tlog\link.read.1.tlog
c:\users\sayun\desktop\proyecto final\proyectofinalcgeihc-master\p9\release\p9.tlog\link.write.1.tlog
c:\users\sayun\desktop\proyecto final\proyectofinalcgeihc-master\p9\release\p9.tlog\p9.write.1u.tlog
